<?xml version="1.0" encoding="UTF-8"?>
<coverage generated="1777132293324" clover="3.2.0">
  <project timestamp="1777132293324" name="All files">
    <metrics statements="252" coveredstatements="219" conditionals="243" coveredconditionals="185" methods="27" coveredmethods="26" elements="522" coveredelements="430" complexity="0" loc="252" ncloc="252" packages="1" files="1" classes="1"/>
    <file name="estimator.js" path="/Users/mr47/WebstormProjects/jsperf.app/worker/complexity/estimator.js">
      <metrics statements="252" coveredstatements="219" conditionals="243" coveredconditionals="185" methods="27" coveredmethods="26"/>
      <line num="4" count="1" type="stmt"/>
      <line num="6" count="1" type="stmt"/>
      <line num="15" count="1" type="stmt"/>
      <line num="21" count="1" type="stmt"/>
      <line num="28" count="1" type="stmt"/>
      <line num="45" count="1" type="stmt"/>
      <line num="58" count="1" type="stmt"/>
      <line num="59" count="1" type="stmt"/>
      <line num="60" count="1" type="stmt"/>
      <line num="61" count="1" type="stmt"/>
      <line num="66" count="20" type="cond" truecount="2" falsecount="0"/>
      <line num="67" count="1" type="stmt"/>
      <line num="68" count="1" type="stmt"/>
      <line num="70" count="20" type="stmt"/>
      <line num="74" count="18" type="cond" truecount="1" falsecount="1"/>
      <line num="75" count="18" type="cond" truecount="1" falsecount="1"/>
      <line num="76" count="18" type="stmt"/>
      <line num="77" count="18" type="stmt"/>
      <line num="79" count="18" type="stmt"/>
      <line num="98" count="18" type="cond" truecount="1" falsecount="1"/>
      <line num="99" count="0" type="stmt"/>
      <line num="100" count="0" type="stmt"/>
      <line num="103" count="18" type="cond" truecount="2" falsecount="0"/>
      <line num="104" count="1" type="stmt"/>
      <line num="105" count="1" type="stmt"/>
      <line num="108" count="18" type="stmt"/>
      <line num="110" count="18" type="stmt"/>
      <line num="111" count="18" type="stmt"/>
      <line num="112" count="18" type="stmt"/>
      <line num="113" count="18" type="cond" truecount="2" falsecount="0"/>
      <line num="115" count="18" type="stmt"/>
      <line num="127" count="18" type="stmt"/>
      <line num="128" count="18" type="cond" truecount="2" falsecount="0"/>
      <line num="130" count="1" type="stmt"/>
      <line num="131" count="1" type="stmt"/>
      <line num="135" count="1" type="cond" truecount="1" falsecount="1"/>
      <line num="136" count="18" type="stmt"/>
      <line num="144" count="18" type="cond" truecount="2" falsecount="0"/>
      <line num="145" count="1" type="stmt"/>
      <line num="146" count="1" type="stmt"/>
      <line num="147" count="1" type="stmt"/>
      <line num="149" count="1" type="stmt"/>
      <line num="150" count="19" type="cond" truecount="2" falsecount="0"/>
      <line num="151" count="1" type="cond" truecount="1" falsecount="1"/>
      <line num="152" count="1" type="cond" truecount="1" falsecount="1"/>
      <line num="153" count="1" type="stmt"/>
      <line num="154" count="1" type="cond" truecount="3" falsecount="1"/>
      <line num="155" count="1" type="cond" truecount="1" falsecount="1"/>
      <line num="157" count="18" type="cond" truecount="4" falsecount="1"/>
      <line num="158" count="0" type="cond" truecount="0" falsecount="2"/>
      <line num="159" count="0" type="cond" truecount="0" falsecount="2"/>
      <line num="161" count="19" type="stmt"/>
      <line num="164" count="1" type="stmt"/>
      <line num="165" count="1" type="cond" truecount="1" falsecount="1"/>
      <line num="166" count="1" type="stmt"/>
      <line num="173" count="338" type="cond" truecount="1" falsecount="1"/>
      <line num="175" count="338" type="cond" truecount="2" falsecount="0"/>
      <line num="176" count="5" type="stmt"/>
      <line num="177" count="5" type="stmt"/>
      <line num="178" count="5" type="cond" truecount="2" falsecount="0"/>
      <line num="179" count="1" type="stmt"/>
      <line num="180" count="1" type="stmt"/>
      <line num="181" count="1" type="stmt"/>
      <line num="185" count="338" type="cond" truecount="2" falsecount="0"/>
      <line num="186" count="5" type="stmt"/>
      <line num="187" count="5" type="stmt"/>
      <line num="190" count="333" type="cond" truecount="2" falsecount="0"/>
      <line num="191" count="333" type="cond" truecount="1" falsecount="1"/>
      <line num="192" count="333" type="cond" truecount="2" falsecount="0"/>
      <line num="193" count="333" type="cond" truecount="2" falsecount="0"/>
      <line num="194" count="333" type="cond" truecount="2" falsecount="0"/>
      <line num="195" count="333" type="cond" truecount="2" falsecount="2"/>
      <line num="196" count="0" type="stmt"/>
      <line num="197" count="0" type="stmt"/>
      <line num="198" count="0" type="stmt"/>
      <line num="201" count="333" type="stmt"/>
      <line num="202" count="333" type="cond" truecount="1" falsecount="1"/>
      <line num="203" count="333" type="stmt"/>
      <line num="204" count="333" type="cond" truecount="1" falsecount="1"/>
      <line num="208" count="5" type="stmt"/>
      <line num="209" count="5" type="cond" truecount="2" falsecount="0"/>
      <line num="210" count="1" type="stmt"/>
      <line num="211" count="1" type="stmt"/>
      <line num="212" count="1" type="stmt"/>
      <line num="215" count="5" type="cond" truecount="1" falsecount="1"/>
      <line num="216" count="0" type="stmt"/>
      <line num="217" count="0" type="stmt"/>
      <line num="218" count="0" type="stmt"/>
      <line num="221" count="5" type="cond" truecount="2" falsecount="0"/>
      <line num="222" count="5" type="stmt"/>
      <line num="223" count="5" type="stmt"/>
      <line num="224" count="5" type="stmt"/>
      <line num="225" count="5" type="stmt"/>
      <line num="226" count="18" type="stmt"/>
      <line num="227" count="5" type="stmt"/>
      <line num="231" count="24" type="stmt"/>
      <line num="232" count="24" type="cond" truecount="1" falsecount="1"/>
      <line num="234" count="24" type="cond" truecount="1" falsecount="1"/>
      <line num="235" count="0" type="stmt"/>
      <line num="236" count="0" type="stmt"/>
      <line num="237" count="0" type="stmt"/>
      <line num="238" count="0" type="stmt"/>
      <line num="241" count="24" type="cond" truecount="2" falsecount="0"/>
      <line num="242" count="2" type="cond" truecount="2" falsecount="0"/>
      <line num="243" count="2" type="stmt"/>
      <line num="244" count="2" type="cond" truecount="2" falsecount="0"/>
      <line num="247" count="24" type="cond" truecount="5" falsecount="0"/>
      <line num="248" count="5" type="stmt"/>
      <line num="249" count="5" type="stmt"/>
      <line num="252" count="24" type="cond" truecount="2" falsecount="0"/>
      <line num="253" count="5" type="stmt"/>
      <line num="254" count="5" type="stmt"/>
      <line num="257" count="24" type="cond" truecount="4" falsecount="0"/>
      <line num="258" count="2" type="stmt"/>
      <line num="259" count="2" type="stmt"/>
      <line num="260" count="2" type="stmt"/>
      <line num="263" count="24" type="cond" truecount="4" falsecount="1"/>
      <line num="264" count="0" type="stmt"/>
      <line num="265" count="0" type="cond" truecount="0" falsecount="2"/>
      <line num="266" count="0" type="stmt"/>
      <line num="267" count="0" type="stmt"/>
      <line num="271" count="24" type="cond" truecount="4" falsecount="0"/>
      <line num="272" count="1" type="stmt"/>
      <line num="273" count="1" type="stmt"/>
      <line num="274" count="1" type="stmt"/>
      <line num="275" count="1" type="stmt"/>
      <line num="276" count="1" type="stmt"/>
      <line num="279" count="24" type="cond" truecount="4" falsecount="0"/>
      <line num="280" count="1" type="stmt"/>
      <line num="281" count="1" type="stmt"/>
      <line num="282" count="1" type="stmt"/>
      <line num="283" count="1" type="stmt"/>
      <line num="284" count="1" type="stmt"/>
      <line num="287" count="24" type="cond" truecount="4" falsecount="0"/>
      <line num="288" count="1" type="stmt"/>
      <line num="289" count="1" type="stmt"/>
      <line num="290" count="1" type="stmt"/>
      <line num="291" count="1" type="stmt"/>
      <line num="292" count="1" type="stmt"/>
      <line num="295" count="24" type="cond" truecount="6" falsecount="0"/>
      <line num="296" count="2" type="cond" truecount="1" falsecount="1"/>
      <line num="297" count="2" type="stmt"/>
      <line num="298" count="2" type="stmt"/>
      <line num="301" count="24" type="cond" truecount="2" falsecount="0"/>
      <line num="302" count="1" type="stmt"/>
      <line num="303" count="1" type="stmt"/>
      <line num="304" count="1" type="stmt"/>
      <line num="307" count="24" type="stmt"/>
      <line num="308" count="24" type="cond" truecount="5" falsecount="0"/>
      <line num="309" count="6" type="stmt"/>
      <line num="310" count="6" type="cond" truecount="2" falsecount="0"/>
      <line num="311" count="6" type="stmt"/>
      <line num="312" count="6" type="stmt"/>
      <line num="317" count="0" type="cond" truecount="0" falsecount="2"/>
      <line num="318" count="0" type="cond" truecount="0" falsecount="2"/>
      <line num="319" count="0" type="cond" truecount="0" falsecount="2"/>
      <line num="320" count="0" type="cond" truecount="0" falsecount="2"/>
      <line num="321" count="0" type="stmt"/>
      <line num="322" count="0" type="stmt"/>
      <line num="323" count="0" type="stmt"/>
      <line num="326" count="0" type="cond" truecount="0" falsecount="2"/>
      <line num="327" count="0" type="stmt"/>
      <line num="328" count="0" type="stmt"/>
      <line num="333" count="4" type="stmt"/>
      <line num="334" count="4" type="stmt"/>
      <line num="335" count="4" type="stmt"/>
      <line num="339" count="1" type="cond" truecount="1" falsecount="1"/>
      <line num="340" count="1" type="stmt"/>
      <line num="345" count="3" type="cond" truecount="1" falsecount="1"/>
      <line num="346" count="3" type="stmt"/>
      <line num="351" count="10" type="cond" truecount="1" falsecount="1"/>
      <line num="352" count="10" type="cond" truecount="2" falsecount="0"/>
      <line num="353" count="1" type="cond" truecount="1" falsecount="1"/>
      <line num="354" count="0" type="stmt"/>
      <line num="358" count="18" type="cond" truecount="4" falsecount="0"/>
      <line num="359" count="1" type="stmt"/>
      <line num="361" count="17" type="cond" truecount="1" falsecount="1"/>
      <line num="365" count="18" type="cond" truecount="1" falsecount="1"/>
      <line num="369" count="18" type="stmt"/>
      <line num="370" count="18" type="stmt"/>
      <line num="371" count="18" type="cond" truecount="2" falsecount="0"/>
      <line num="372" count="1" type="stmt"/>
      <line num="373" count="1" type="stmt"/>
      <line num="374" count="17" type="cond" truecount="2" falsecount="0"/>
      <line num="375" count="1" type="stmt"/>
      <line num="376" count="1" type="stmt"/>
      <line num="377" count="16" type="cond" truecount="4" falsecount="0"/>
      <line num="378" count="2" type="stmt"/>
      <line num="379" count="2" type="stmt"/>
      <line num="380" count="14" type="cond" truecount="2" falsecount="0"/>
      <line num="381" count="1" type="stmt"/>
      <line num="382" count="1" type="stmt"/>
      <line num="383" count="13" type="cond" truecount="2" falsecount="0"/>
      <line num="384" count="1" type="stmt"/>
      <line num="385" count="1" type="stmt"/>
      <line num="387" count="18" type="stmt"/>
      <line num="395" count="18" type="cond" truecount="2" falsecount="0"/>
      <line num="396" count="1" type="stmt"/>
      <line num="399" count="17" type="stmt"/>
      <line num="400" count="17" type="cond" truecount="4" falsecount="0"/>
      <line num="401" count="2" type="stmt"/>
      <line num="402" count="15" type="cond" truecount="4" falsecount="0"/>
      <line num="403" count="1" type="stmt"/>
      <line num="404" count="14" type="cond" truecount="2" falsecount="0"/>
      <line num="405" count="10" type="stmt"/>
      <line num="407" count="4" type="stmt"/>
      <line num="410" count="17" type="cond" truecount="2" falsecount="0"/>
      <line num="411" count="8" type="stmt"/>
      <line num="413" count="9" type="stmt"/>
      <line num="416" count="17" type="cond" truecount="2" falsecount="0"/>
      <line num="417" count="1" type="stmt"/>
      <line num="418" count="16" type="cond" truecount="5" falsecount="0"/>
      <line num="419" count="3" type="stmt"/>
      <line num="420" count="13" type="cond" truecount="2" falsecount="0"/>
      <line num="421" count="2" type="stmt"/>
      <line num="424" count="17" type="cond" truecount="2" falsecount="0"/>
      <line num="425" count="1" type="stmt"/>
      <line num="428" count="17" type="cond" truecount="1" falsecount="1"/>
      <line num="429" count="0" type="stmt"/>
      <line num="432" count="17" type="stmt"/>
      <line num="436" count="36" type="stmt"/>
      <line num="440" count="24" type="cond" truecount="1" falsecount="1"/>
      <line num="441" count="24" type="cond" truecount="1" falsecount="1"/>
      <line num="442" count="24" type="cond" truecount="2" falsecount="0"/>
      <line num="443" count="17" type="cond" truecount="1" falsecount="1"/>
      <line num="444" count="17" type="stmt"/>
      <line num="445" count="17" type="stmt"/>
      <line num="446" count="17" type="stmt"/>
      <line num="451" count="0" type="stmt"/>
      <line num="455" count="24" type="stmt"/>
      <line num="456" count="24" type="cond" truecount="1" falsecount="1"/>
      <line num="457" count="24" type="stmt"/>
      <line num="458" count="26" type="cond" truecount="5" falsecount="0"/>
      <line num="459" count="7" type="stmt"/>
      <line num="462" count="17" type="stmt"/>
      <line num="466" count="24" type="cond" truecount="7" falsecount="0"/>
      <line num="476" count="5" type="stmt"/>
      <line num="477" count="5" type="cond" truecount="2" falsecount="0"/>
      <line num="482" count="333" type="cond" truecount="1" falsecount="1"/>
      <line num="487" count="333" type="stmt"/>
      <line num="488" count="0" type="cond" truecount="0" falsecount="2"/>
      <line num="489" count="333" type="cond" truecount="1" falsecount="3"/>
      <line num="493" count="2" type="cond" truecount="1" falsecount="1"/>
      <line num="494" count="2" type="cond" truecount="2" falsecount="0"/>
      <line num="495" count="1" type="stmt"/>
      <line num="496" count="1" type="stmt"/>
      <line num="497" count="1" type="cond" truecount="1" falsecount="1"/>
      <line num="499" count="0" type="stmt"/>
      <line num="503" count="382" type="stmt"/>
      <line num="504" count="382" type="stmt"/>
      <line num="505" count="359" type="stmt"/>
      <line num="507" count="382" type="stmt"/>
    </file>
  </project>
</coverage>
