{"/Users/mr47/WebstormProjects/jsperf.app/worker/complexity/estimator.js": {"path":"/Users/mr47/WebstormProjects/jsperf.app/worker/complexity/estimator.js","statementMap":{"0":{"start":{"line":4,"column":26},"end":{"line":4,"column":null}},"1":{"start":{"line":6,"column":19},"end":{"line":13,"column":null}},"2":{"start":{"line":15,"column":20},"end":{"line":19,"column":null}},"3":{"start":{"line":21,"column":19},"end":{"line":26,"column":null}},"4":{"start":{"line":28,"column":23},"end":{"line":43,"column":null}},"5":{"start":{"line":45,"column":24},"end":{"line":56,"column":null}},"6":{"start":{"line":58,"column":21},"end":{"line":58,"column":null}},"7":{"start":{"line":59,"column":30},"end":{"line":59,"column":null}},"8":{"start":{"line":60,"column":31},"end":{"line":60,"column":null}},"9":{"start":{"line":61,"column":29},"end":{"line":61,"column":null}},"10":{"start":{"line":66,"column":2},"end":{"line":69,"column":null}},"11":{"start":{"line":67,"column":4},"end":{"line":67,"column":null}},"12":{"start":{"line":68,"column":4},"end":{"line":68,"column":null}},"13":{"start":{"line":70,"column":2},"end":{"line":70,"column":null}},"14":{"start":{"line":74,"column":17},"end":{"line":74,"column":null}},"15":{"start":{"line":75,"column":22},"end":{"line":75,"column":null}},"16":{"start":{"line":76,"column":23},"end":{"line":76,"column":null}},"17":{"start":{"line":77,"column":17},"end":{"line":77,"column":null}},"18":{"start":{"line":79,"column":16},"end":{"line":96,"column":null}},"19":{"start":{"line":98,"column":2},"end":{"line":101,"column":null}},"20":{"start":{"line":99,"column":4},"end":{"line":99,"column":null}},"21":{"start":{"line":100,"column":4},"end":{"line":100,"column":null}},"22":{"start":{"line":103,"column":2},"end":{"line":106,"column":null}},"23":{"start":{"line":104,"column":4},"end":{"line":104,"column":null}},"24":{"start":{"line":105,"column":4},"end":{"line":105,"column":null}},"25":{"start":{"line":108,"column":2},"end":{"line":108,"column":null}},"26":{"start":{"line":110,"column":15},"end":{"line":110,"column":null}},"27":{"start":{"line":111,"column":16},"end":{"line":111,"column":null}},"28":{"start":{"line":112,"column":20},"end":{"line":112,"column":null}},"29":{"start":{"line":113,"column":21},"end":{"line":113,"column":null}},"30":{"start":{"line":115,"column":2},"end":{"line":123,"column":null}},"31":{"start":{"line":127,"column":15},"end":{"line":127,"column":null}},"32":{"start":{"line":128,"column":2},"end":{"line":128,"column":null}},"33":{"start":{"line":128,"column":31},"end":{"line":128,"column":null}},"34":{"start":{"line":130,"column":18},"end":{"line":130,"column":null}},"35":{"start":{"line":131,"column":13},"end":{"line":134,"column":null}},"36":{"start":{"line":135,"column":15},"end":{"line":135,"column":null}},"37":{"start":{"line":136,"column":2},"end":{"line":140,"column":null}},"38":{"start":{"line":144,"column":2},"end":{"line":144,"column":null}},"39":{"start":{"line":144,"column":21},"end":{"line":144,"column":null}},"40":{"start":{"line":145,"column":15},"end":{"line":145,"column":null}},"41":{"start":{"line":146,"column":18},"end":{"line":146,"column":null}},"42":{"start":{"line":147,"column":16},"end":{"line":147,"column":null}},"43":{"start":{"line":149,"column":16},"end":{"line":162,"column":null}},"44":{"start":{"line":150,"column":4},"end":{"line":160,"column":null}},"45":{"start":{"line":151,"column":19},"end":{"line":151,"column":null}},"46":{"start":{"line":152,"column":6},"end":{"line":152,"column":null}},"47":{"start":{"line":152,"column":22},"end":{"line":152,"column":null}},"48":{"start":{"line":153,"column":20},"end":{"line":153,"column":null}},"49":{"start":{"line":154,"column":6},"end":{"line":156,"column":null}},"50":{"start":{"line":155,"column":8},"end":{"line":155,"column":null}},"51":{"start":{"line":157,"column":11},"end":{"line":160,"column":null}},"52":{"start":{"line":158,"column":19},"end":{"line":158,"column":null}},"53":{"start":{"line":159,"column":6},"end":{"line":159,"column":null}},"54":{"start":{"line":159,"column":22},"end":{"line":159,"column":null}},"55":{"start":{"line":161,"column":4},"end":{"line":161,"column":null}},"56":{"start":{"line":161,"column":45},"end":{"line":161,"column":null}},"57":{"start":{"line":164,"column":2},"end":{"line":164,"column":null}},"58":{"start":{"line":165,"column":2},"end":{"line":165,"column":null}},"59":{"start":{"line":165,"column":30},"end":{"line":165,"column":null}},"60":{"start":{"line":166,"column":2},"end":{"line":169,"column":null}},"61":{"start":{"line":173,"column":2},"end":{"line":173,"column":null}},"62":{"start":{"line":173,"column":13},"end":{"line":173,"column":null}},"63":{"start":{"line":175,"column":2},"end":{"line":183,"column":null}},"64":{"start":{"line":176,"column":4},"end":{"line":176,"column":null}},"65":{"start":{"line":177,"column":4},"end":{"line":177,"column":null}},"66":{"start":{"line":178,"column":4},"end":{"line":182,"column":null}},"67":{"start":{"line":179,"column":6},"end":{"line":179,"column":null}},"68":{"start":{"line":180,"column":6},"end":{"line":180,"column":null}},"69":{"start":{"line":181,"column":6},"end":{"line":181,"column":null}},"70":{"start":{"line":185,"column":2},"end":{"line":188,"column":null}},"71":{"start":{"line":186,"column":4},"end":{"line":186,"column":null}},"72":{"start":{"line":187,"column":4},"end":{"line":187,"column":null}},"73":{"start":{"line":190,"column":2},"end":{"line":190,"column":null}},"74":{"start":{"line":190,"column":39},"end":{"line":190,"column":null}},"75":{"start":{"line":191,"column":2},"end":{"line":191,"column":null}},"76":{"start":{"line":191,"column":38},"end":{"line":191,"column":null}},"77":{"start":{"line":192,"column":2},"end":{"line":192,"column":null}},"78":{"start":{"line":192,"column":38},"end":{"line":192,"column":null}},"79":{"start":{"line":193,"column":2},"end":{"line":193,"column":null}},"80":{"start":{"line":193,"column":29},"end":{"line":193,"column":null}},"81":{"start":{"line":194,"column":2},"end":{"line":194,"column":null}},"82":{"start":{"line":194,"column":30},"end":{"line":194,"column":null}},"83":{"start":{"line":195,"column":2},"end":{"line":199,"column":null}},"84":{"start":{"line":196,"column":4},"end":{"line":196,"column":null}},"85":{"start":{"line":197,"column":4},"end":{"line":197,"column":null}},"86":{"start":{"line":198,"column":4},"end":{"line":198,"column":null}},"87":{"start":{"line":201,"column":23},"end":{"line":201,"column":null}},"88":{"start":{"line":202,"column":2},"end":{"line":202,"column":null}},"89":{"start":{"line":202,"column":20},"end":{"line":202,"column":null}},"90":{"start":{"line":203,"column":2},"end":{"line":203,"column":null}},"91":{"start":{"line":203,"column":43},"end":{"line":203,"column":null}},"92":{"start":{"line":204,"column":2},"end":{"line":204,"column":null}},"93":{"start":{"line":204,"column":20},"end":{"line":204,"column":null}},"94":{"start":{"line":208,"column":18},"end":{"line":208,"column":null}},"95":{"start":{"line":209,"column":2},"end":{"line":213,"column":null}},"96":{"start":{"line":210,"column":4},"end":{"line":210,"column":null}},"97":{"start":{"line":211,"column":4},"end":{"line":211,"column":null}},"98":{"start":{"line":212,"column":4},"end":{"line":212,"column":null}},"99":{"start":{"line":215,"column":2},"end":{"line":219,"column":null}},"100":{"start":{"line":216,"column":4},"end":{"line":216,"column":null}},"101":{"start":{"line":217,"column":4},"end":{"line":217,"column":null}},"102":{"start":{"line":217,"column":45},"end":{"line":217,"column":null}},"103":{"start":{"line":218,"column":4},"end":{"line":218,"column":null}},"104":{"start":{"line":221,"column":2},"end":{"line":221,"column":null}},"105":{"start":{"line":222,"column":20},"end":{"line":222,"column":null}},"106":{"start":{"line":223,"column":2},"end":{"line":223,"column":null}},"107":{"start":{"line":224,"column":24},"end":{"line":224,"column":null}},"108":{"start":{"line":225,"column":2},"end":{"line":225,"column":null}},"109":{"start":{"line":226,"column":2},"end":{"line":226,"column":null}},"110":{"start":{"line":226,"column":43},"end":{"line":226,"column":null}},"111":{"start":{"line":227,"column":2},"end":{"line":227,"column":null}},"112":{"start":{"line":231,"column":15},"end":{"line":231,"column":null}},"113":{"start":{"line":232,"column":2},"end":{"line":232,"column":null}},"114":{"start":{"line":232,"column":18},"end":{"line":232,"column":null}},"115":{"start":{"line":234,"column":2},"end":{"line":239,"column":null}},"116":{"start":{"line":235,"column":4},"end":{"line":235,"column":null}},"117":{"start":{"line":236,"column":4},"end":{"line":236,"column":null}},"118":{"start":{"line":237,"column":4},"end":{"line":237,"column":null}},"119":{"start":{"line":238,"column":4},"end":{"line":238,"column":null}},"120":{"start":{"line":241,"column":2},"end":{"line":245,"column":null}},"121":{"start":{"line":242,"column":4},"end":{"line":242,"column":null}},"122":{"start":{"line":243,"column":4},"end":{"line":243,"column":null}},"123":{"start":{"line":244,"column":4},"end":{"line":244,"column":null}},"124":{"start":{"line":244,"column":34},"end":{"line":244,"column":null}},"125":{"start":{"line":247,"column":2},"end":{"line":250,"column":null}},"126":{"start":{"line":248,"column":4},"end":{"line":248,"column":null}},"127":{"start":{"line":249,"column":4},"end":{"line":249,"column":null}},"128":{"start":{"line":252,"column":2},"end":{"line":255,"column":null}},"129":{"start":{"line":253,"column":4},"end":{"line":253,"column":null}},"130":{"start":{"line":254,"column":4},"end":{"line":254,"column":null}},"131":{"start":{"line":257,"column":2},"end":{"line":261,"column":null}},"132":{"start":{"line":258,"column":4},"end":{"line":258,"column":null}},"133":{"start":{"line":259,"column":4},"end":{"line":259,"column":null}},"134":{"start":{"line":260,"column":4},"end":{"line":260,"column":null}},"135":{"start":{"line":263,"column":2},"end":{"line":269,"column":null}},"136":{"start":{"line":264,"column":4},"end":{"line":264,"column":null}},"137":{"start":{"line":265,"column":4},"end":{"line":268,"column":null}},"138":{"start":{"line":266,"column":6},"end":{"line":266,"column":null}},"139":{"start":{"line":267,"column":6},"end":{"line":267,"column":null}},"140":{"start":{"line":271,"column":2},"end":{"line":277,"column":null}},"141":{"start":{"line":272,"column":4},"end":{"line":272,"column":null}},"142":{"start":{"line":273,"column":4},"end":{"line":273,"column":null}},"143":{"start":{"line":274,"column":4},"end":{"line":274,"column":null}},"144":{"start":{"line":275,"column":4},"end":{"line":275,"column":null}},"145":{"start":{"line":276,"column":4},"end":{"line":276,"column":null}},"146":{"start":{"line":279,"column":2},"end":{"line":285,"column":null}},"147":{"start":{"line":280,"column":4},"end":{"line":280,"column":null}},"148":{"start":{"line":281,"column":4},"end":{"line":281,"column":null}},"149":{"start":{"line":282,"column":4},"end":{"line":282,"column":null}},"150":{"start":{"line":283,"column":4},"end":{"line":283,"column":null}},"151":{"start":{"line":284,"column":4},"end":{"line":284,"column":null}},"152":{"start":{"line":287,"column":2},"end":{"line":293,"column":null}},"153":{"start":{"line":288,"column":4},"end":{"line":288,"column":null}},"154":{"start":{"line":289,"column":4},"end":{"line":289,"column":null}},"155":{"start":{"line":290,"column":4},"end":{"line":290,"column":null}},"156":{"start":{"line":291,"column":4},"end":{"line":291,"column":null}},"157":{"start":{"line":292,"column":4},"end":{"line":292,"column":null}},"158":{"start":{"line":295,"column":2},"end":{"line":299,"column":null}},"159":{"start":{"line":296,"column":4},"end":{"line":296,"column":null}},"160":{"start":{"line":297,"column":4},"end":{"line":297,"column":null}},"161":{"start":{"line":298,"column":4},"end":{"line":298,"column":null}},"162":{"start":{"line":301,"column":2},"end":{"line":305,"column":null}},"163":{"start":{"line":302,"column":4},"end":{"line":302,"column":null}},"164":{"start":{"line":303,"column":4},"end":{"line":303,"column":null}},"165":{"start":{"line":304,"column":4},"end":{"line":304,"column":null}},"166":{"start":{"line":307,"column":19},"end":{"line":307,"column":null}},"167":{"start":{"line":308,"column":2},"end":{"line":313,"column":null}},"168":{"start":{"line":309,"column":26},"end":{"line":309,"column":null}},"169":{"start":{"line":310,"column":4},"end":{"line":310,"column":null}},"170":{"start":{"line":311,"column":4},"end":{"line":311,"column":null}},"171":{"start":{"line":312,"column":4},"end":{"line":312,"column":null}},"172":{"start":{"line":317,"column":15},"end":{"line":317,"column":null}},"173":{"start":{"line":318,"column":2},"end":{"line":325,"column":null}},"174":{"start":{"line":319,"column":17},"end":{"line":319,"column":null}},"175":{"start":{"line":320,"column":4},"end":{"line":324,"column":null}},"176":{"start":{"line":321,"column":6},"end":{"line":321,"column":null}},"177":{"start":{"line":322,"column":6},"end":{"line":322,"column":null}},"178":{"start":{"line":323,"column":6},"end":{"line":323,"column":null}},"179":{"start":{"line":326,"column":2},"end":{"line":329,"column":null}},"180":{"start":{"line":327,"column":4},"end":{"line":327,"column":null}},"181":{"start":{"line":328,"column":4},"end":{"line":328,"column":null}},"182":{"start":{"line":333,"column":2},"end":{"line":333,"column":null}},"183":{"start":{"line":334,"column":2},"end":{"line":334,"column":null}},"184":{"start":{"line":335,"column":2},"end":{"line":335,"column":null}},"185":{"start":{"line":339,"column":2},"end":{"line":341,"column":null}},"186":{"start":{"line":339,"column":40},"end":{"line":339,"column":71}},"187":{"start":{"line":340,"column":4},"end":{"line":340,"column":null}},"188":{"start":{"line":345,"column":2},"end":{"line":347,"column":null}},"189":{"start":{"line":345,"column":40},"end":{"line":345,"column":71}},"190":{"start":{"line":346,"column":4},"end":{"line":346,"column":null}},"191":{"start":{"line":351,"column":2},"end":{"line":351,"column":null}},"192":{"start":{"line":351,"column":18},"end":{"line":351,"column":null}},"193":{"start":{"line":352,"column":2},"end":{"line":352,"column":null}},"194":{"start":{"line":352,"column":19},"end":{"line":352,"column":null}},"195":{"start":{"line":353,"column":2},"end":{"line":353,"column":null}},"196":{"start":{"line":353,"column":19},"end":{"line":353,"column":null}},"197":{"start":{"line":354,"column":2},"end":{"line":354,"column":null}},"198":{"start":{"line":358,"column":2},"end":{"line":360,"column":null}},"199":{"start":{"line":359,"column":4},"end":{"line":359,"column":null}},"200":{"start":{"line":361,"column":2},"end":{"line":361,"column":null}},"201":{"start":{"line":365,"column":2},"end":{"line":365,"column":null}},"202":{"start":{"line":369,"column":13},"end":{"line":369,"column":null}},"203":{"start":{"line":370,"column":20},"end":{"line":370,"column":null}},"204":{"start":{"line":371,"column":2},"end":{"line":386,"column":null}},"205":{"start":{"line":372,"column":4},"end":{"line":372,"column":null}},"206":{"start":{"line":373,"column":4},"end":{"line":373,"column":null}},"207":{"start":{"line":374,"column":9},"end":{"line":386,"column":null}},"208":{"start":{"line":375,"column":4},"end":{"line":375,"column":null}},"209":{"start":{"line":376,"column":4},"end":{"line":376,"column":null}},"210":{"start":{"line":377,"column":9},"end":{"line":386,"column":null}},"211":{"start":{"line":378,"column":4},"end":{"line":378,"column":null}},"212":{"start":{"line":379,"column":4},"end":{"line":379,"column":null}},"213":{"start":{"line":380,"column":9},"end":{"line":386,"column":null}},"214":{"start":{"line":381,"column":4},"end":{"line":381,"column":null}},"215":{"start":{"line":382,"column":4},"end":{"line":382,"column":null}},"216":{"start":{"line":383,"column":9},"end":{"line":386,"column":null}},"217":{"start":{"line":384,"column":4},"end":{"line":384,"column":null}},"218":{"start":{"line":385,"column":4},"end":{"line":385,"column":null}},"219":{"start":{"line":387,"column":2},"end":{"line":391,"column":null}},"220":{"start":{"line":395,"column":2},"end":{"line":397,"column":null}},"221":{"start":{"line":396,"column":4},"end":{"line":396,"column":null}},"222":{"start":{"line":399,"column":16},"end":{"line":399,"column":null}},"223":{"start":{"line":400,"column":2},"end":{"line":408,"column":null}},"224":{"start":{"line":401,"column":4},"end":{"line":401,"column":null}},"225":{"start":{"line":402,"column":9},"end":{"line":408,"column":null}},"226":{"start":{"line":403,"column":4},"end":{"line":403,"column":null}},"227":{"start":{"line":404,"column":9},"end":{"line":408,"column":null}},"228":{"start":{"line":405,"column":4},"end":{"line":405,"column":null}},"229":{"start":{"line":407,"column":4},"end":{"line":407,"column":null}},"230":{"start":{"line":410,"column":2},"end":{"line":414,"column":null}},"231":{"start":{"line":411,"column":4},"end":{"line":411,"column":null}},"232":{"start":{"line":413,"column":4},"end":{"line":413,"column":null}},"233":{"start":{"line":416,"column":2},"end":{"line":422,"column":null}},"234":{"start":{"line":417,"column":4},"end":{"line":417,"column":null}},"235":{"start":{"line":418,"column":9},"end":{"line":422,"column":null}},"236":{"start":{"line":419,"column":4},"end":{"line":419,"column":null}},"237":{"start":{"line":420,"column":9},"end":{"line":422,"column":null}},"238":{"start":{"line":421,"column":4},"end":{"line":421,"column":null}},"239":{"start":{"line":424,"column":2},"end":{"line":426,"column":null}},"240":{"start":{"line":425,"column":4},"end":{"line":425,"column":null}},"241":{"start":{"line":428,"column":2},"end":{"line":430,"column":null}},"242":{"start":{"line":429,"column":4},"end":{"line":429,"column":null}},"243":{"start":{"line":432,"column":2},"end":{"line":432,"column":null}},"244":{"start":{"line":436,"column":2},"end":{"line":436,"column":null}},"245":{"start":{"line":440,"column":13},"end":{"line":440,"column":null}},"246":{"start":{"line":441,"column":2},"end":{"line":441,"column":null}},"247":{"start":{"line":441,"column":11},"end":{"line":441,"column":null}},"248":{"start":{"line":442,"column":2},"end":{"line":442,"column":null}},"249":{"start":{"line":442,"column":32},"end":{"line":442,"column":null}},"250":{"start":{"line":443,"column":2},"end":{"line":450,"column":null}},"251":{"start":{"line":444,"column":21},"end":{"line":444,"column":null}},"252":{"start":{"line":445,"column":19},"end":{"line":445,"column":null}},"253":{"start":{"line":446,"column":4},"end":{"line":449,"column":null}},"254":{"start":{"line":451,"column":2},"end":{"line":451,"column":null}},"255":{"start":{"line":455,"column":15},"end":{"line":455,"column":null}},"256":{"start":{"line":456,"column":2},"end":{"line":456,"column":null}},"257":{"start":{"line":456,"column":13},"end":{"line":456,"column":null}},"258":{"start":{"line":457,"column":2},"end":{"line":461,"column":null}},"259":{"start":{"line":458,"column":4},"end":{"line":460,"column":null}},"260":{"start":{"line":459,"column":6},"end":{"line":459,"column":null}},"261":{"start":{"line":462,"column":2},"end":{"line":462,"column":null}},"262":{"start":{"line":466,"column":2},"end":{"line":472,"column":null}},"263":{"start":{"line":476,"column":15},"end":{"line":476,"column":null}},"264":{"start":{"line":477,"column":2},"end":{"line":478,"column":null}},"265":{"start":{"line":482,"column":2},"end":{"line":487,"column":null}},"266":{"start":{"line":487,"column":25},"end":{"line":487,"column":null}},"267":{"start":{"line":488,"column":15},"end":{"line":488,"column":null}},"268":{"start":{"line":489,"column":2},"end":{"line":489,"column":null}},"269":{"start":{"line":493,"column":2},"end":{"line":493,"column":null}},"270":{"start":{"line":493,"column":13},"end":{"line":493,"column":null}},"271":{"start":{"line":494,"column":2},"end":{"line":494,"column":null}},"272":{"start":{"line":494,"column":33},"end":{"line":494,"column":null}},"273":{"start":{"line":495,"column":2},"end":{"line":498,"column":null}},"274":{"start":{"line":496,"column":18},"end":{"line":496,"column":null}},"275":{"start":{"line":497,"column":4},"end":{"line":497,"column":null}},"276":{"start":{"line":497,"column":15},"end":{"line":497,"column":null}},"277":{"start":{"line":499,"column":2},"end":{"line":499,"column":null}},"278":{"start":{"line":503,"column":19},"end":{"line":503,"column":null}},"279":{"start":{"line":504,"column":2},"end":{"line":506,"column":null}},"280":{"start":{"line":504,"column":15},"end":{"line":504,"column":16}},"281":{"start":{"line":505,"column":4},"end":{"line":505,"column":null}},"282":{"start":{"line":507,"column":2},"end":{"line":507,"column":null}}},"fnMap":{"0":{"name":"getParser","decl":{"start":{"line":65,"column":9},"end":{"line":65,"column":18}},"loc":{"start":{"line":65,"column":21},"end":{"line":71,"column":null}},"line":65},"1":{"name":"estimateComplexity","decl":{"start":{"line":73,"column":16},"end":{"line":73,"column":34}},"loc":{"start":{"line":73,"column":62},"end":{"line":124,"column":null}},"line":73},"2":{"name":"parseSnippet","decl":{"start":{"line":126,"column":9},"end":{"line":126,"column":21}},"loc":{"start":{"line":126,"column":30},"end":{"line":141,"column":null}},"line":126},"3":{"name":"collectSetupContext","decl":{"start":{"line":143,"column":9},"end":{"line":143,"column":28}},"loc":{"start":{"line":143,"column":36},"end":{"line":170,"column":null}},"line":143},"4":{"name":"(anonymous_4)","decl":{"start":{"line":149,"column":16},"end":{"line":149,"column":17}},"loc":{"start":{"line":149,"column":26},"end":{"line":162,"column":null}},"line":149},"5":{"name":"walk","decl":{"start":{"line":172,"column":9},"end":{"line":172,"column":13}},"loc":{"start":{"line":172,"column":27},"end":{"line":205,"column":null}},"line":172},"6":{"name":"handleLoop","decl":{"start":{"line":207,"column":9},"end":{"line":207,"column":19}},"loc":{"start":{"line":207,"column":33},"end":{"line":228,"column":null}},"line":207},"7":{"name":"handleCall","decl":{"start":{"line":230,"column":9},"end":{"line":230,"column":19}},"loc":{"start":{"line":230,"column":33},"end":{"line":314,"column":null}},"line":230},"8":{"name":"handleNew","decl":{"start":{"line":316,"column":9},"end":{"line":316,"column":18}},"loc":{"start":{"line":316,"column":32},"end":{"line":330,"column":null}},"line":316},"9":{"name":"handleSpread","decl":{"start":{"line":332,"column":9},"end":{"line":332,"column":21}},"loc":{"start":{"line":332,"column":35},"end":{"line":336,"column":null}},"line":332},"10":{"name":"handleArray","decl":{"start":{"line":338,"column":9},"end":{"line":338,"column":20}},"loc":{"start":{"line":338,"column":34},"end":{"line":342,"column":null}},"line":338},"11":{"name":"(anonymous_11)","decl":{"start":{"line":339,"column":31},"end":{"line":339,"column":36}},"loc":{"start":{"line":339,"column":40},"end":{"line":339,"column":71}},"line":339},"12":{"name":"handleObject","decl":{"start":{"line":344,"column":9},"end":{"line":344,"column":21}},"loc":{"start":{"line":344,"column":35},"end":{"line":348,"column":null}},"line":344},"13":{"name":"(anonymous_13)","decl":{"start":{"line":345,"column":31},"end":{"line":345,"column":36}},"loc":{"start":{"line":345,"column":40},"end":{"line":345,"column":71}},"line":345},"14":{"name":"rankForDepth","decl":{"start":{"line":350,"column":9},"end":{"line":350,"column":21}},"loc":{"start":{"line":350,"column":29},"end":{"line":355,"column":null}},"line":350},"15":{"name":"rankTime","decl":{"start":{"line":357,"column":9},"end":{"line":357,"column":17}},"loc":{"start":{"line":357,"column":25},"end":{"line":362,"column":null}},"line":357},"16":{"name":"rankSpace","decl":{"start":{"line":364,"column":9},"end":{"line":364,"column":18}},"loc":{"start":{"line":364,"column":26},"end":{"line":366,"column":null}},"line":364},"17":{"name":"buildAsyncInfo","decl":{"start":{"line":368,"column":9},"end":{"line":368,"column":23}},"loc":{"start":{"line":368,"column":31},"end":{"line":392,"column":null}},"line":368},"18":{"name":"explain","decl":{"start":{"line":394,"column":9},"end":{"line":394,"column":16}},"loc":{"start":{"line":394,"column":63},"end":{"line":433,"column":null}},"line":394},"19":{"name":"clampConfidence","decl":{"start":{"line":435,"column":9},"end":{"line":435,"column":24}},"loc":{"start":{"line":435,"column":32},"end":{"line":437,"column":null}},"line":435},"20":{"name":"callInfo","decl":{"start":{"line":439,"column":9},"end":{"line":439,"column":17}},"loc":{"start":{"line":439,"column":24},"end":{"line":452,"column":null}},"line":439},"21":{"name":"callbackArgument","decl":{"start":{"line":454,"column":9},"end":{"line":454,"column":25}},"loc":{"start":{"line":454,"column":32},"end":{"line":463,"column":null}},"line":454},"22":{"name":"isRegexCall","decl":{"start":{"line":465,"column":9},"end":{"line":465,"column":20}},"loc":{"start":{"line":465,"column":27},"end":{"line":473,"column":null}},"line":465},"23":{"name":"isFixedLoop","decl":{"start":{"line":475,"column":9},"end":{"line":475,"column":20}},"loc":{"start":{"line":475,"column":27},"end":{"line":479,"column":null}},"line":475},"24":{"name":"functionNameFor","decl":{"start":{"line":481,"column":9},"end":{"line":481,"column":24}},"loc":{"start":{"line":481,"column":31},"end":{"line":490,"column":null}},"line":481},"25":{"name":"firstNamedChildOfType","decl":{"start":{"line":492,"column":9},"end":{"line":492,"column":30}},"loc":{"start":{"line":492,"column":44},"end":{"line":500,"column":null}},"line":492},"26":{"name":"namedChildren","decl":{"start":{"line":502,"column":9},"end":{"line":502,"column":22}},"loc":{"start":{"line":502,"column":29},"end":{"line":508,"column":null}},"line":502}},"branchMap":{"0":{"loc":{"start":{"line":66,"column":2},"end":{"line":69,"column":null}},"type":"if","locations":[{"start":{"line":66,"column":2},"end":{"line":69,"column":null}},{"start":{},"end":{}}],"line":66},"1":{"loc":{"start":{"line":73,"column":41},"end":{"line":73,"column":60}},"type":"default-arg","locations":[{"start":{"line":73,"column":58},"end":{"line":73,"column":60}}],"line":73},"2":{"loc":{"start":{"line":73,"column":43},"end":{"line":73,"column":53}},"type":"default-arg","locations":[{"start":{"line":73,"column":51},"end":{"line":73,"column":53}}],"line":73},"3":{"loc":{"start":{"line":74,"column":17},"end":{"line":74,"column":null}},"type":"cond-expr","locations":[{"start":{"line":74,"column":44},"end":{"line":74,"column":48}},{"start":{"line":74,"column":51},"end":{"line":74,"column":null}}],"line":74},"4":{"loc":{"start":{"line":75,"column":22},"end":{"line":75,"column":null}},"type":"cond-expr","locations":[{"start":{"line":75,"column":50},"end":{"line":75,"column":55}},{"start":{"line":75,"column":58},"end":{"line":75,"column":null}}],"line":75},"5":{"loc":{"start":{"line":98,"column":2},"end":{"line":101,"column":null}},"type":"if","locations":[{"start":{"line":98,"column":2},"end":{"line":101,"column":null}},{"start":{},"end":{}}],"line":98},"6":{"loc":{"start":{"line":103,"column":2},"end":{"line":106,"column":null}},"type":"if","locations":[{"start":{"line":103,"column":2},"end":{"line":106,"column":null}},{"start":{},"end":{}}],"line":103},"7":{"loc":{"start":{"line":113,"column":70},"end":{"line":113,"column":96}},"type":"cond-expr","locations":[{"start":{"line":113,"column":88},"end":{"line":113,"column":92}},{"start":{"line":113,"column":95},"end":{"line":113,"column":96}}],"line":113},"8":{"loc":{"start":{"line":118,"column":65},"end":{"line":118,"column":97}},"type":"cond-expr","locations":[{"start":{"line":118,"column":89},"end":{"line":118,"column":93}},{"start":{"line":118,"column":96},"end":{"line":118,"column":97}}],"line":118},"9":{"loc":{"start":{"line":128,"column":2},"end":{"line":128,"column":null}},"type":"if","locations":[{"start":{"line":128,"column":2},"end":{"line":128,"column":null}},{"start":{},"end":{}}],"line":128},"10":{"loc":{"start":{"line":135,"column":15},"end":{"line":135,"column":null}},"type":"binary-expr","locations":[{"start":{"line":135,"column":15},"end":{"line":135,"column":44}},{"start":{"line":135,"column":48},"end":{"line":135,"column":null}}],"line":135},"11":{"loc":{"start":{"line":144,"column":2},"end":{"line":144,"column":null}},"type":"if","locations":[{"start":{"line":144,"column":2},"end":{"line":144,"column":null}},{"start":{},"end":{}}],"line":144},"12":{"loc":{"start":{"line":150,"column":4},"end":{"line":160,"column":null}},"type":"if","locations":[{"start":{"line":150,"column":4},"end":{"line":160,"column":null}},{"start":{"line":157,"column":11},"end":{"line":160,"column":null}}],"line":150},"13":{"loc":{"start":{"line":151,"column":19},"end":{"line":151,"column":null}},"type":"binary-expr","locations":[{"start":{"line":151,"column":19},"end":{"line":151,"column":49}},{"start":{"line":151,"column":53},"end":{"line":151,"column":null}}],"line":151},"14":{"loc":{"start":{"line":152,"column":6},"end":{"line":152,"column":null}},"type":"if","locations":[{"start":{"line":152,"column":6},"end":{"line":152,"column":null}},{"start":{},"end":{}}],"line":152},"15":{"loc":{"start":{"line":154,"column":6},"end":{"line":156,"column":null}},"type":"if","locations":[{"start":{"line":154,"column":6},"end":{"line":156,"column":null}},{"start":{},"end":{}}],"line":154},"16":{"loc":{"start":{"line":154,"column":10},"end":{"line":154,"column":77}},"type":"binary-expr","locations":[{"start":{"line":154,"column":10},"end":{"line":154,"column":15}},{"start":{"line":154,"column":19},"end":{"line":154,"column":77}}],"line":154},"17":{"loc":{"start":{"line":155,"column":22},"end":{"line":155,"column":49}},"type":"binary-expr","locations":[{"start":{"line":155,"column":22},"end":{"line":155,"column":32}},{"start":{"line":155,"column":36},"end":{"line":155,"column":49}}],"line":155},"18":{"loc":{"start":{"line":157,"column":11},"end":{"line":160,"column":null}},"type":"if","locations":[{"start":{"line":157,"column":11},"end":{"line":160,"column":null}},{"start":{},"end":{}}],"line":157},"19":{"loc":{"start":{"line":157,"column":15},"end":{"line":157,"column":138}},"type":"binary-expr","locations":[{"start":{"line":157,"column":15},"end":{"line":157,"column":51}},{"start":{"line":157,"column":55},"end":{"line":157,"column":101}},{"start":{"line":157,"column":105},"end":{"line":157,"column":138}}],"line":157},"20":{"loc":{"start":{"line":158,"column":19},"end":{"line":158,"column":null}},"type":"binary-expr","locations":[{"start":{"line":158,"column":19},"end":{"line":158,"column":49}},{"start":{"line":158,"column":53},"end":{"line":158,"column":null}}],"line":158},"21":{"loc":{"start":{"line":159,"column":6},"end":{"line":159,"column":null}},"type":"if","locations":[{"start":{"line":159,"column":6},"end":{"line":159,"column":null}},{"start":{},"end":{}}],"line":159},"22":{"loc":{"start":{"line":165,"column":2},"end":{"line":165,"column":null}},"type":"if","locations":[{"start":{"line":165,"column":2},"end":{"line":165,"column":null}},{"start":{},"end":{}}],"line":165},"23":{"loc":{"start":{"line":173,"column":2},"end":{"line":173,"column":null}},"type":"if","locations":[{"start":{"line":173,"column":2},"end":{"line":173,"column":null}},{"start":{},"end":{}}],"line":173},"24":{"loc":{"start":{"line":175,"column":2},"end":{"line":183,"column":null}},"type":"if","locations":[{"start":{"line":175,"column":2},"end":{"line":183,"column":null}},{"start":{},"end":{}}],"line":175},"25":{"loc":{"start":{"line":178,"column":4},"end":{"line":182,"column":null}},"type":"if","locations":[{"start":{"line":178,"column":4},"end":{"line":182,"column":null}},{"start":{},"end":{}}],"line":178},"26":{"loc":{"start":{"line":185,"column":2},"end":{"line":188,"column":null}},"type":"if","locations":[{"start":{"line":185,"column":2},"end":{"line":188,"column":null}},{"start":{},"end":{}}],"line":185},"27":{"loc":{"start":{"line":190,"column":2},"end":{"line":190,"column":null}},"type":"if","locations":[{"start":{"line":190,"column":2},"end":{"line":190,"column":null}},{"start":{},"end":{}}],"line":190},"28":{"loc":{"start":{"line":191,"column":2},"end":{"line":191,"column":null}},"type":"if","locations":[{"start":{"line":191,"column":2},"end":{"line":191,"column":null}},{"start":{},"end":{}}],"line":191},"29":{"loc":{"start":{"line":192,"column":2},"end":{"line":192,"column":null}},"type":"if","locations":[{"start":{"line":192,"column":2},"end":{"line":192,"column":null}},{"start":{},"end":{}}],"line":192},"30":{"loc":{"start":{"line":193,"column":2},"end":{"line":193,"column":null}},"type":"if","locations":[{"start":{"line":193,"column":2},"end":{"line":193,"column":null}},{"start":{},"end":{}}],"line":193},"31":{"loc":{"start":{"line":194,"column":2},"end":{"line":194,"column":null}},"type":"if","locations":[{"start":{"line":194,"column":2},"end":{"line":194,"column":null}},{"start":{},"end":{}}],"line":194},"32":{"loc":{"start":{"line":195,"column":2},"end":{"line":199,"column":null}},"type":"if","locations":[{"start":{"line":195,"column":2},"end":{"line":199,"column":null}},{"start":{},"end":{}}],"line":195},"33":{"loc":{"start":{"line":195,"column":6},"end":{"line":195,"column":70}},"type":"binary-expr","locations":[{"start":{"line":195,"column":6},"end":{"line":195,"column":38}},{"start":{"line":195,"column":42},"end":{"line":195,"column":70}}],"line":195},"34":{"loc":{"start":{"line":202,"column":2},"end":{"line":202,"column":null}},"type":"if","locations":[{"start":{"line":202,"column":2},"end":{"line":202,"column":null}},{"start":{},"end":{}}],"line":202},"35":{"loc":{"start":{"line":204,"column":2},"end":{"line":204,"column":null}},"type":"if","locations":[{"start":{"line":204,"column":2},"end":{"line":204,"column":null}},{"start":{},"end":{}}],"line":204},"36":{"loc":{"start":{"line":209,"column":2},"end":{"line":213,"column":null}},"type":"if","locations":[{"start":{"line":209,"column":2},"end":{"line":213,"column":null}},{"start":{},"end":{}}],"line":209},"37":{"loc":{"start":{"line":215,"column":2},"end":{"line":219,"column":null}},"type":"if","locations":[{"start":{"line":215,"column":2},"end":{"line":219,"column":null}},{"start":{},"end":{}}],"line":215},"38":{"loc":{"start":{"line":221,"column":20},"end":{"line":221,"column":90}},"type":"cond-expr","locations":[{"start":{"line":221,"column":30},"end":{"line":221,"column":46}},{"start":{"line":221,"column":49},"end":{"line":221,"column":90}}],"line":221},"39":{"loc":{"start":{"line":232,"column":2},"end":{"line":232,"column":null}},"type":"if","locations":[{"start":{"line":232,"column":2},"end":{"line":232,"column":null}},{"start":{},"end":{}}],"line":232},"40":{"loc":{"start":{"line":234,"column":2},"end":{"line":239,"column":null}},"type":"if","locations":[{"start":{"line":234,"column":2},"end":{"line":239,"column":null}},{"start":{},"end":{}}],"line":234},"41":{"loc":{"start":{"line":241,"column":2},"end":{"line":245,"column":null}},"type":"if","locations":[{"start":{"line":241,"column":2},"end":{"line":245,"column":null}},{"start":{},"end":{}}],"line":241},"42":{"loc":{"start":{"line":242,"column":22},"end":{"line":242,"column":72}},"type":"cond-expr","locations":[{"start":{"line":242,"column":49},"end":{"line":242,"column":63}},{"start":{"line":242,"column":66},"end":{"line":242,"column":72}}],"line":242},"43":{"loc":{"start":{"line":244,"column":4},"end":{"line":244,"column":null}},"type":"if","locations":[{"start":{"line":244,"column":4},"end":{"line":244,"column":null}},{"start":{},"end":{}}],"line":244},"44":{"loc":{"start":{"line":247,"column":2},"end":{"line":250,"column":null}},"type":"if","locations":[{"start":{"line":247,"column":2},"end":{"line":250,"column":null}},{"start":{},"end":{}}],"line":247},"45":{"loc":{"start":{"line":247,"column":6},"end":{"line":247,"column":86}},"type":"binary-expr","locations":[{"start":{"line":247,"column":6},"end":{"line":247,"column":35}},{"start":{"line":247,"column":39},"end":{"line":247,"column":60}},{"start":{"line":247,"column":64},"end":{"line":247,"column":86}}],"line":247},"46":{"loc":{"start":{"line":252,"column":2},"end":{"line":255,"column":null}},"type":"if","locations":[{"start":{"line":252,"column":2},"end":{"line":255,"column":null}},{"start":{},"end":{}}],"line":252},"47":{"loc":{"start":{"line":257,"column":2},"end":{"line":261,"column":null}},"type":"if","locations":[{"start":{"line":257,"column":2},"end":{"line":261,"column":null}},{"start":{},"end":{}}],"line":257},"48":{"loc":{"start":{"line":257,"column":6},"end":{"line":257,"column":70}},"type":"binary-expr","locations":[{"start":{"line":257,"column":6},"end":{"line":257,"column":30}},{"start":{"line":257,"column":34},"end":{"line":257,"column":70}}],"line":257},"49":{"loc":{"start":{"line":263,"column":2},"end":{"line":269,"column":null}},"type":"if","locations":[{"start":{"line":263,"column":2},"end":{"line":269,"column":null}},{"start":{},"end":{}}],"line":263},"50":{"loc":{"start":{"line":263,"column":6},"end":{"line":263,"column":77}},"type":"binary-expr","locations":[{"start":{"line":263,"column":6},"end":{"line":263,"column":29}},{"start":{"line":263,"column":34},"end":{"line":263,"column":54}},{"start":{"line":263,"column":58},"end":{"line":263,"column":76}}],"line":263},"51":{"loc":{"start":{"line":265,"column":4},"end":{"line":268,"column":null}},"type":"if","locations":[{"start":{"line":265,"column":4},"end":{"line":268,"column":null}},{"start":{},"end":{}}],"line":265},"52":{"loc":{"start":{"line":271,"column":2},"end":{"line":277,"column":null}},"type":"if","locations":[{"start":{"line":271,"column":2},"end":{"line":277,"column":null}},{"start":{},"end":{}}],"line":271},"53":{"loc":{"start":{"line":271,"column":6},"end":{"line":271,"column":58}},"type":"binary-expr","locations":[{"start":{"line":271,"column":6},"end":{"line":271,"column":29}},{"start":{"line":271,"column":33},"end":{"line":271,"column":58}}],"line":271},"54":{"loc":{"start":{"line":279,"column":2},"end":{"line":285,"column":null}},"type":"if","locations":[{"start":{"line":279,"column":2},"end":{"line":285,"column":null}},{"start":{},"end":{}}],"line":279},"55":{"loc":{"start":{"line":279,"column":6},"end":{"line":279,"column":72}},"type":"binary-expr","locations":[{"start":{"line":279,"column":6},"end":{"line":279,"column":31}},{"start":{"line":279,"column":35},"end":{"line":279,"column":72}}],"line":279},"56":{"loc":{"start":{"line":287,"column":2},"end":{"line":293,"column":null}},"type":"if","locations":[{"start":{"line":287,"column":2},"end":{"line":293,"column":null}},{"start":{},"end":{}}],"line":287},"57":{"loc":{"start":{"line":287,"column":6},"end":{"line":287,"column":70}},"type":"binary-expr","locations":[{"start":{"line":287,"column":6},"end":{"line":287,"column":31}},{"start":{"line":287,"column":35},"end":{"line":287,"column":70}}],"line":287},"58":{"loc":{"start":{"line":295,"column":2},"end":{"line":299,"column":null}},"type":"if","locations":[{"start":{"line":295,"column":2},"end":{"line":299,"column":null}},{"start":{},"end":{}}],"line":295},"59":{"loc":{"start":{"line":295,"column":6},"end":{"line":295,"column":119}},"type":"binary-expr","locations":[{"start":{"line":295,"column":6},"end":{"line":295,"column":37}},{"start":{"line":295,"column":41},"end":{"line":295,"column":63}},{"start":{"line":295,"column":68},"end":{"line":295,"column":89}},{"start":{"line":295,"column":93},"end":{"line":295,"column":118}}],"line":295},"60":{"loc":{"start":{"line":296,"column":22},"end":{"line":296,"column":77}},"type":"cond-expr","locations":[{"start":{"line":296,"column":36},"end":{"line":296,"column":65}},{"start":{"line":296,"column":68},"end":{"line":296,"column":77}}],"line":296},"61":{"loc":{"start":{"line":301,"column":2},"end":{"line":305,"column":null}},"type":"if","locations":[{"start":{"line":301,"column":2},"end":{"line":305,"column":null}},{"start":{},"end":{}}],"line":301},"62":{"loc":{"start":{"line":308,"column":2},"end":{"line":313,"column":null}},"type":"if","locations":[{"start":{"line":308,"column":2},"end":{"line":313,"column":null}},{"start":{},"end":{}}],"line":308},"63":{"loc":{"start":{"line":308,"column":6},"end":{"line":308,"column":80}},"type":"binary-expr","locations":[{"start":{"line":308,"column":6},"end":{"line":308,"column":14}},{"start":{"line":308,"column":19},"end":{"line":308,"column":48}},{"start":{"line":308,"column":52},"end":{"line":308,"column":79}}],"line":308},"64":{"loc":{"start":{"line":310,"column":65},"end":{"line":310,"column":100}},"type":"cond-expr","locations":[{"start":{"line":310,"column":95},"end":{"line":310,"column":96}},{"start":{"line":310,"column":99},"end":{"line":310,"column":100}}],"line":310},"65":{"loc":{"start":{"line":317,"column":15},"end":{"line":317,"column":null}},"type":"binary-expr","locations":[{"start":{"line":317,"column":15},"end":{"line":317,"column":39}},{"start":{"line":317,"column":43},"end":{"line":317,"column":null}}],"line":317},"66":{"loc":{"start":{"line":318,"column":2},"end":{"line":325,"column":null}},"type":"if","locations":[{"start":{"line":318,"column":2},"end":{"line":325,"column":null}},{"start":{},"end":{}}],"line":318},"67":{"loc":{"start":{"line":319,"column":17},"end":{"line":319,"column":null}},"type":"binary-expr","locations":[{"start":{"line":319,"column":17},"end":{"line":319,"column":52}},{"start":{"line":319,"column":56},"end":{"line":319,"column":null}}],"line":319},"68":{"loc":{"start":{"line":320,"column":4},"end":{"line":324,"column":null}},"type":"if","locations":[{"start":{"line":320,"column":4},"end":{"line":324,"column":null}},{"start":{},"end":{}}],"line":320},"69":{"loc":{"start":{"line":326,"column":2},"end":{"line":329,"column":null}},"type":"if","locations":[{"start":{"line":326,"column":2},"end":{"line":329,"column":null}},{"start":{},"end":{}}],"line":326},"70":{"loc":{"start":{"line":339,"column":2},"end":{"line":341,"column":null}},"type":"if","locations":[{"start":{"line":339,"column":2},"end":{"line":341,"column":null}},{"start":{},"end":{}}],"line":339},"71":{"loc":{"start":{"line":345,"column":2},"end":{"line":347,"column":null}},"type":"if","locations":[{"start":{"line":345,"column":2},"end":{"line":347,"column":null}},{"start":{},"end":{}}],"line":345},"72":{"loc":{"start":{"line":351,"column":2},"end":{"line":351,"column":null}},"type":"if","locations":[{"start":{"line":351,"column":2},"end":{"line":351,"column":null}},{"start":{},"end":{}}],"line":351},"73":{"loc":{"start":{"line":352,"column":2},"end":{"line":352,"column":null}},"type":"if","locations":[{"start":{"line":352,"column":2},"end":{"line":352,"column":null}},{"start":{},"end":{}}],"line":352},"74":{"loc":{"start":{"line":353,"column":2},"end":{"line":353,"column":null}},"type":"if","locations":[{"start":{"line":353,"column":2},"end":{"line":353,"column":null}},{"start":{},"end":{}}],"line":353},"75":{"loc":{"start":{"line":358,"column":2},"end":{"line":360,"column":null}},"type":"if","locations":[{"start":{"line":358,"column":2},"end":{"line":360,"column":null}},{"start":{},"end":{}}],"line":358},"76":{"loc":{"start":{"line":358,"column":6},"end":{"line":358,"column":66}},"type":"binary-expr","locations":[{"start":{"line":358,"column":6},"end":{"line":358,"column":39}},{"start":{"line":358,"column":43},"end":{"line":358,"column":66}}],"line":358},"77":{"loc":{"start":{"line":361,"column":9},"end":{"line":361,"column":null}},"type":"binary-expr","locations":[{"start":{"line":361,"column":9},"end":{"line":361,"column":68}},{"start":{"line":361,"column":72},"end":{"line":361,"column":null}}],"line":361},"78":{"loc":{"start":{"line":365,"column":9},"end":{"line":365,"column":null}},"type":"binary-expr","locations":[{"start":{"line":365,"column":9},"end":{"line":365,"column":71}},{"start":{"line":365,"column":75},"end":{"line":365,"column":null}}],"line":365},"79":{"loc":{"start":{"line":371,"column":2},"end":{"line":386,"column":null}},"type":"if","locations":[{"start":{"line":371,"column":2},"end":{"line":386,"column":null}},{"start":{"line":374,"column":9},"end":{"line":386,"column":null}}],"line":371},"80":{"loc":{"start":{"line":374,"column":9},"end":{"line":386,"column":null}},"type":"if","locations":[{"start":{"line":374,"column":9},"end":{"line":386,"column":null}},{"start":{"line":377,"column":9},"end":{"line":386,"column":null}}],"line":374},"81":{"loc":{"start":{"line":377,"column":9},"end":{"line":386,"column":null}},"type":"if","locations":[{"start":{"line":377,"column":9},"end":{"line":386,"column":null}},{"start":{"line":380,"column":9},"end":{"line":386,"column":null}}],"line":377},"82":{"loc":{"start":{"line":377,"column":13},"end":{"line":377,"column":75}},"type":"binary-expr","locations":[{"start":{"line":377,"column":13},"end":{"line":377,"column":42}},{"start":{"line":377,"column":46},"end":{"line":377,"column":75}}],"line":377},"83":{"loc":{"start":{"line":380,"column":9},"end":{"line":386,"column":null}},"type":"if","locations":[{"start":{"line":380,"column":9},"end":{"line":386,"column":null}},{"start":{"line":383,"column":9},"end":{"line":386,"column":null}}],"line":380},"84":{"loc":{"start":{"line":383,"column":9},"end":{"line":386,"column":null}},"type":"if","locations":[{"start":{"line":383,"column":9},"end":{"line":386,"column":null}},{"start":{},"end":{}}],"line":383},"85":{"loc":{"start":{"line":395,"column":2},"end":{"line":397,"column":null}},"type":"if","locations":[{"start":{"line":395,"column":2},"end":{"line":397,"column":null}},{"start":{},"end":{}}],"line":395},"86":{"loc":{"start":{"line":400,"column":2},"end":{"line":408,"column":null}},"type":"if","locations":[{"start":{"line":400,"column":2},"end":{"line":408,"column":null}},{"start":{"line":402,"column":9},"end":{"line":408,"column":null}}],"line":400},"87":{"loc":{"start":{"line":400,"column":6},"end":{"line":400,"column":68}},"type":"binary-expr","locations":[{"start":{"line":400,"column":6},"end":{"line":400,"column":31}},{"start":{"line":400,"column":35},"end":{"line":400,"column":68}}],"line":400},"88":{"loc":{"start":{"line":402,"column":9},"end":{"line":408,"column":null}},"type":"if","locations":[{"start":{"line":402,"column":9},"end":{"line":408,"column":null}},{"start":{"line":404,"column":9},"end":{"line":408,"column":null}}],"line":402},"89":{"loc":{"start":{"line":402,"column":13},"end":{"line":402,"column":65}},"type":"binary-expr","locations":[{"start":{"line":402,"column":13},"end":{"line":402,"column":39}},{"start":{"line":402,"column":43},"end":{"line":402,"column":65}}],"line":402},"90":{"loc":{"start":{"line":404,"column":9},"end":{"line":408,"column":null}},"type":"if","locations":[{"start":{"line":404,"column":9},"end":{"line":408,"column":null}},{"start":{"line":406,"column":9},"end":{"line":408,"column":null}}],"line":404},"91":{"loc":{"start":{"line":410,"column":2},"end":{"line":414,"column":null}},"type":"if","locations":[{"start":{"line":410,"column":2},"end":{"line":414,"column":null}},{"start":{"line":412,"column":9},"end":{"line":414,"column":null}}],"line":410},"92":{"loc":{"start":{"line":416,"column":2},"end":{"line":422,"column":null}},"type":"if","locations":[{"start":{"line":416,"column":2},"end":{"line":422,"column":null}},{"start":{"line":418,"column":9},"end":{"line":422,"column":null}}],"line":416},"93":{"loc":{"start":{"line":418,"column":9},"end":{"line":422,"column":null}},"type":"if","locations":[{"start":{"line":418,"column":9},"end":{"line":422,"column":null}},{"start":{"line":420,"column":9},"end":{"line":422,"column":null}}],"line":418},"94":{"loc":{"start":{"line":418,"column":13},"end":{"line":418,"column":102}},"type":"binary-expr","locations":[{"start":{"line":418,"column":13},"end":{"line":418,"column":36}},{"start":{"line":418,"column":40},"end":{"line":418,"column":69}},{"start":{"line":418,"column":73},"end":{"line":418,"column":102}}],"line":418},"95":{"loc":{"start":{"line":420,"column":9},"end":{"line":422,"column":null}},"type":"if","locations":[{"start":{"line":420,"column":9},"end":{"line":422,"column":null}},{"start":{},"end":{}}],"line":420},"96":{"loc":{"start":{"line":424,"column":2},"end":{"line":426,"column":null}},"type":"if","locations":[{"start":{"line":424,"column":2},"end":{"line":426,"column":null}},{"start":{},"end":{}}],"line":424},"97":{"loc":{"start":{"line":428,"column":2},"end":{"line":430,"column":null}},"type":"if","locations":[{"start":{"line":428,"column":2},"end":{"line":430,"column":null}},{"start":{},"end":{}}],"line":428},"98":{"loc":{"start":{"line":440,"column":13},"end":{"line":440,"column":null}},"type":"binary-expr","locations":[{"start":{"line":440,"column":13},"end":{"line":440,"column":47}},{"start":{"line":440,"column":51},"end":{"line":440,"column":null}}],"line":440},"99":{"loc":{"start":{"line":441,"column":2},"end":{"line":441,"column":null}},"type":"if","locations":[{"start":{"line":441,"column":2},"end":{"line":441,"column":null}},{"start":{},"end":{}}],"line":441},"100":{"loc":{"start":{"line":442,"column":2},"end":{"line":442,"column":null}},"type":"if","locations":[{"start":{"line":442,"column":2},"end":{"line":442,"column":null}},{"start":{},"end":{}}],"line":442},"101":{"loc":{"start":{"line":443,"column":2},"end":{"line":450,"column":null}},"type":"if","locations":[{"start":{"line":443,"column":2},"end":{"line":450,"column":null}},{"start":{},"end":{}}],"line":443},"102":{"loc":{"start":{"line":447,"column":12},"end":{"line":447,"column":34}},"type":"binary-expr","locations":[{"start":{"line":447,"column":12},"end":{"line":447,"column":26}},{"start":{"line":447,"column":30},"end":{"line":447,"column":34}}],"line":447},"103":{"loc":{"start":{"line":448,"column":14},"end":{"line":448,"column":34}},"type":"binary-expr","locations":[{"start":{"line":448,"column":14},"end":{"line":448,"column":26}},{"start":{"line":448,"column":30},"end":{"line":448,"column":34}}],"line":448},"104":{"loc":{"start":{"line":456,"column":2},"end":{"line":456,"column":null}},"type":"if","locations":[{"start":{"line":456,"column":2},"end":{"line":456,"column":null}},{"start":{},"end":{}}],"line":456},"105":{"loc":{"start":{"line":458,"column":4},"end":{"line":460,"column":null}},"type":"if","locations":[{"start":{"line":458,"column":4},"end":{"line":460,"column":null}},{"start":{},"end":{}}],"line":458},"106":{"loc":{"start":{"line":458,"column":8},"end":{"line":458,"column":109}},"type":"binary-expr","locations":[{"start":{"line":458,"column":8},"end":{"line":458,"column":39}},{"start":{"line":458,"column":43},"end":{"line":458,"column":68}},{"start":{"line":458,"column":72},"end":{"line":458,"column":109}}],"line":458},"107":{"loc":{"start":{"line":466,"column":9},"end":{"line":472,"column":null}},"type":"binary-expr","locations":[{"start":{"line":466,"column":9},"end":{"line":466,"column":33}},{"start":{"line":467,"column":4},"end":{"line":467,"column":25}},{"start":{"line":468,"column":4},"end":{"line":468,"column":28}},{"start":{"line":469,"column":4},"end":{"line":469,"column":27}},{"start":{"line":470,"column":4},"end":{"line":470,"column":30}},{"start":{"line":471,"column":4},"end":{"line":471,"column":26}},{"start":{"line":472,"column":4},"end":{"line":472,"column":null}}],"line":466},"108":{"loc":{"start":{"line":477,"column":9},"end":{"line":478,"column":null}},"type":"binary-expr","locations":[{"start":{"line":477,"column":9},"end":{"line":477,"column":65}},{"start":{"line":478,"column":4},"end":{"line":478,"column":null}}],"line":477},"109":{"loc":{"start":{"line":482,"column":2},"end":{"line":487,"column":null}},"type":"if","locations":[{"start":{"line":482,"column":2},"end":{"line":487,"column":null}},{"start":{},"end":{}}],"line":482},"110":{"loc":{"start":{"line":488,"column":15},"end":{"line":488,"column":null}},"type":"binary-expr","locations":[{"start":{"line":488,"column":15},"end":{"line":488,"column":45}},{"start":{"line":488,"column":49},"end":{"line":488,"column":null}}],"line":488},"111":{"loc":{"start":{"line":489,"column":9},"end":{"line":489,"column":null}},"type":"cond-expr","locations":[{"start":{"line":489,"column":79},"end":{"line":489,"column":88}},{"start":{"line":489,"column":91},"end":{"line":489,"column":null}}],"line":489},"112":{"loc":{"start":{"line":489,"column":9},"end":{"line":489,"column":76}},"type":"binary-expr","locations":[{"start":{"line":489,"column":9},"end":{"line":489,"column":36}},{"start":{"line":489,"column":40},"end":{"line":489,"column":76}}],"line":489},"113":{"loc":{"start":{"line":493,"column":2},"end":{"line":493,"column":null}},"type":"if","locations":[{"start":{"line":493,"column":2},"end":{"line":493,"column":null}},{"start":{},"end":{}}],"line":493},"114":{"loc":{"start":{"line":494,"column":2},"end":{"line":494,"column":null}},"type":"if","locations":[{"start":{"line":494,"column":2},"end":{"line":494,"column":null}},{"start":{},"end":{}}],"line":494},"115":{"loc":{"start":{"line":497,"column":4},"end":{"line":497,"column":null}},"type":"if","locations":[{"start":{"line":497,"column":4},"end":{"line":497,"column":null}},{"start":{},"end":{}}],"line":497}},"s":{"0":1,"1":1,"2":1,"3":1,"4":1,"5":1,"6":1,"7":1,"8":1,"9":1,"10":20,"11":1,"12":1,"13":20,"14":18,"15":18,"16":18,"17":18,"18":18,"19":18,"20":0,"21":0,"22":18,"23":1,"24":1,"25":18,"26":18,"27":18,"28":18,"29":18,"30":18,"31":18,"32":18,"33":17,"34":1,"35":1,"36":1,"37":18,"38":18,"39":17,"40":1,"41":1,"42":1,"43":1,"44":19,"45":1,"46":1,"47":1,"48":1,"49":1,"50":1,"51":18,"52":0,"53":0,"54":0,"55":19,"56":18,"57":1,"58":1,"59":0,"60":1,"61":338,"62":0,"63":338,"64":5,"65":5,"66":5,"67":1,"68":1,"69":1,"70":338,"71":5,"72":5,"73":333,"74":24,"75":333,"76":0,"77":333,"78":4,"79":333,"80":1,"81":333,"82":3,"83":333,"84":0,"85":0,"86":0,"87":333,"88":333,"89":0,"90":333,"91":296,"92":333,"93":333,"94":5,"95":5,"96":1,"97":1,"98":1,"99":5,"100":0,"101":0,"102":0,"103":0,"104":5,"105":5,"106":5,"107":5,"108":5,"109":5,"110":18,"111":5,"112":24,"113":24,"114":0,"115":24,"116":0,"117":0,"118":0,"119":0,"120":24,"121":2,"122":2,"123":2,"124":1,"125":24,"126":5,"127":5,"128":24,"129":5,"130":5,"131":24,"132":2,"133":2,"134":2,"135":24,"136":0,"137":0,"138":0,"139":0,"140":24,"141":1,"142":1,"143":1,"144":1,"145":1,"146":24,"147":1,"148":1,"149":1,"150":1,"151":1,"152":24,"153":1,"154":1,"155":1,"156":1,"157":1,"158":24,"159":2,"160":2,"161":2,"162":24,"163":1,"164":1,"165":1,"166":24,"167":24,"168":6,"169":6,"170":6,"171":6,"172":0,"173":0,"174":0,"175":0,"176":0,"177":0,"178":0,"179":0,"180":0,"181":0,"182":4,"183":4,"184":4,"185":1,"186":1,"187":1,"188":3,"189":3,"190":3,"191":10,"192":0,"193":10,"194":9,"195":1,"196":1,"197":0,"198":18,"199":1,"200":17,"201":18,"202":18,"203":18,"204":18,"205":1,"206":1,"207":17,"208":1,"209":1,"210":16,"211":2,"212":2,"213":14,"214":1,"215":1,"216":13,"217":1,"218":1,"219":18,"220":18,"221":1,"222":17,"223":17,"224":2,"225":15,"226":1,"227":14,"228":10,"229":4,"230":17,"231":8,"232":9,"233":17,"234":1,"235":16,"236":3,"237":13,"238":2,"239":17,"240":1,"241":17,"242":0,"243":17,"244":36,"245":24,"246":24,"247":0,"248":24,"249":7,"250":17,"251":17,"252":17,"253":17,"254":0,"255":24,"256":24,"257":0,"258":24,"259":26,"260":7,"261":17,"262":24,"263":5,"264":5,"265":333,"266":333,"267":0,"268":333,"269":2,"270":0,"271":2,"272":1,"273":1,"274":1,"275":1,"276":1,"277":0,"278":382,"279":382,"280":382,"281":359,"282":382},"f":{"0":20,"1":18,"2":18,"3":18,"4":19,"5":338,"6":5,"7":24,"8":0,"9":4,"10":1,"11":1,"12":3,"13":3,"14":10,"15":18,"16":18,"17":18,"18":18,"19":36,"20":24,"21":24,"22":24,"23":5,"24":333,"25":2,"26":382},"b":{"0":[1,19],"1":[18],"2":[18],"3":[18,0],"4":[18,0],"5":[0,18],"6":[1,17],"7":[1,17],"8":[10,8],"9":[17,1],"10":[1,0],"11":[17,1],"12":[1,18],"13":[1,0],"14":[1,0],"15":[1,0],"16":[1,1],"17":[1,0],"18":[0,18],"19":[18,18,18],"20":[0,0],"21":[0,0],"22":[0,1],"23":[0,338],"24":[5,333],"25":[1,4],"26":[5,333],"27":[24,309],"28":[0,333],"29":[4,329],"30":[1,332],"31":[3,330],"32":[0,333],"33":[333,0],"34":[0,333],"35":[0,333],"36":[1,4],"37":[0,5],"38":[1,4],"39":[0,24],"40":[0,24],"41":[2,22],"42":[1,1],"43":[1,1],"44":[5,19],"45":[24,19,19],"46":[5,19],"47":[2,22],"48":[24,2],"49":[0,24],"50":[24,1,1],"51":[0,0],"52":[1,23],"53":[24,1],"54":[1,23],"55":[24,2],"56":[1,23],"57":[24,2],"58":[2,22],"59":[24,24,2,1],"60":[2,0],"61":[1,23],"62":[6,18],"63":[24,7,3],"64":[2,4],"65":[0,0],"66":[0,0],"67":[0,0],"68":[0,0],"69":[0,0],"70":[1,0],"71":[3,0],"72":[0,10],"73":[9,1],"74":[1,0],"75":[1,17],"76":[18,1],"77":[17,0],"78":[18,0],"79":[1,17],"80":[1,16],"81":[2,14],"82":[16,15],"83":[1,13],"84":[1,12],"85":[1,17],"86":[2,15],"87":[17,16],"88":[1,14],"89":[15,14],"90":[10,4],"91":[8,9],"92":[1,16],"93":[3,13],"94":[16,15,14],"95":[2,11],"96":[1,16],"97":[0,17],"98":[24,0],"99":[0,24],"100":[7,17],"101":[17,0],"102":[17,0],"103":[17,0],"104":[0,24],"105":[7,19],"106":[26,19,19],"107":[24,24,24,24,24,24,24],"108":[5,5],"109":[333,0],"110":[0,0],"111":[0,0],"112":[333,0],"113":[0,2],"114":[1,1],"115":[1,0]},"meta":{"lastBranch":116,"lastFunction":27,"lastStatement":283,"seen":{"s:4:26:4:Infinity":0,"s:6:19:13:Infinity":1,"s:15:20:19:Infinity":2,"s:21:19:26:Infinity":3,"s:28:23:43:Infinity":4,"s:45:24:56:Infinity":5,"s:58:21:58:Infinity":6,"s:59:30:59:Infinity":7,"s:60:31:60:Infinity":8,"s:61:29:61:Infinity":9,"f:65:9:65:18":0,"b:66:2:69:Infinity:undefined:undefined:undefined:undefined":0,"s:66:2:69:Infinity":10,"s:67:4:67:Infinity":11,"s:68:4:68:Infinity":12,"s:70:2:70:Infinity":13,"f:73:16:73:34":1,"b:73:58:73:60":1,"b:73:51:73:53":2,"s:74:17:74:Infinity":14,"b:74:44:74:48:74:51:74:Infinity":3,"s:75:22:75:Infinity":15,"b:75:50:75:55:75:58:75:Infinity":4,"s:76:23:76:Infinity":16,"s:77:17:77:Infinity":17,"s:79:16:96:Infinity":18,"b:98:2:101:Infinity:undefined:undefined:undefined:undefined":5,"s:98:2:101:Infinity":19,"s:99:4:99:Infinity":20,"s:100:4:100:Infinity":21,"b:103:2:106:Infinity:undefined:undefined:undefined:undefined":6,"s:103:2:106:Infinity":22,"s:104:4:104:Infinity":23,"s:105:4:105:Infinity":24,"s:108:2:108:Infinity":25,"s:110:15:110:Infinity":26,"s:111:16:111:Infinity":27,"s:112:20:112:Infinity":28,"s:113:21:113:Infinity":29,"b:113:88:113:92:113:95:113:96":7,"s:115:2:123:Infinity":30,"b:118:89:118:93:118:96:118:97":8,"f:126:9:126:21":2,"s:127:15:127:Infinity":31,"b:128:2:128:Infinity:undefined:undefined:undefined:undefined":9,"s:128:2:128:Infinity":32,"s:128:31:128:Infinity":33,"s:130:18:130:Infinity":34,"s:131:13:134:Infinity":35,"s:135:15:135:Infinity":36,"b:135:15:135:44:135:48:135:Infinity":10,"s:136:2:140:Infinity":37,"f:143:9:143:28":3,"b:144:2:144:Infinity:undefined:undefined:undefined:undefined":11,"s:144:2:144:Infinity":38,"s:144:21:144:Infinity":39,"s:145:15:145:Infinity":40,"s:146:18:146:Infinity":41,"s:147:16:147:Infinity":42,"s:149:16:162:Infinity":43,"f:149:16:149:17":4,"b:150:4:160:Infinity:157:11:160:Infinity":12,"s:150:4:160:Infinity":44,"s:151:19:151:Infinity":45,"b:151:19:151:49:151:53:151:Infinity":13,"b:152:6:152:Infinity:undefined:undefined:undefined:undefined":14,"s:152:6:152:Infinity":46,"s:152:22:152:Infinity":47,"s:153:20:153:Infinity":48,"b:154:6:156:Infinity:undefined:undefined:undefined:undefined":15,"s:154:6:156:Infinity":49,"b:154:10:154:15:154:19:154:77":16,"s:155:8:155:Infinity":50,"b:155:22:155:32:155:36:155:49":17,"b:157:11:160:Infinity:undefined:undefined:undefined:undefined":18,"s:157:11:160:Infinity":51,"b:157:15:157:51:157:55:157:101:157:105:157:138":19,"s:158:19:158:Infinity":52,"b:158:19:158:49:158:53:158:Infinity":20,"b:159:6:159:Infinity:undefined:undefined:undefined:undefined":21,"s:159:6:159:Infinity":53,"s:159:22:159:Infinity":54,"s:161:4:161:Infinity":55,"s:161:45:161:Infinity":56,"s:164:2:164:Infinity":57,"b:165:2:165:Infinity:undefined:undefined:undefined:undefined":22,"s:165:2:165:Infinity":58,"s:165:30:165:Infinity":59,"s:166:2:169:Infinity":60,"f:172:9:172:13":5,"b:173:2:173:Infinity:undefined:undefined:undefined:undefined":23,"s:173:2:173:Infinity":61,"s:173:13:173:Infinity":62,"b:175:2:183:Infinity:undefined:undefined:undefined:undefined":24,"s:175:2:183:Infinity":63,"s:176:4:176:Infinity":64,"s:177:4:177:Infinity":65,"b:178:4:182:Infinity:undefined:undefined:undefined:undefined":25,"s:178:4:182:Infinity":66,"s:179:6:179:Infinity":67,"s:180:6:180:Infinity":68,"s:181:6:181:Infinity":69,"b:185:2:188:Infinity:undefined:undefined:undefined:undefined":26,"s:185:2:188:Infinity":70,"s:186:4:186:Infinity":71,"s:187:4:187:Infinity":72,"b:190:2:190:Infinity:undefined:undefined:undefined:undefined":27,"s:190:2:190:Infinity":73,"s:190:39:190:Infinity":74,"b:191:2:191:Infinity:undefined:undefined:undefined:undefined":28,"s:191:2:191:Infinity":75,"s:191:38:191:Infinity":76,"b:192:2:192:Infinity:undefined:undefined:undefined:undefined":29,"s:192:2:192:Infinity":77,"s:192:38:192:Infinity":78,"b:193:2:193:Infinity:undefined:undefined:undefined:undefined":30,"s:193:2:193:Infinity":79,"s:193:29:193:Infinity":80,"b:194:2:194:Infinity:undefined:undefined:undefined:undefined":31,"s:194:2:194:Infinity":81,"s:194:30:194:Infinity":82,"b:195:2:199:Infinity:undefined:undefined:undefined:undefined":32,"s:195:2:199:Infinity":83,"b:195:6:195:38:195:42:195:70":33,"s:196:4:196:Infinity":84,"s:197:4:197:Infinity":85,"s:198:4:198:Infinity":86,"s:201:23:201:Infinity":87,"b:202:2:202:Infinity:undefined:undefined:undefined:undefined":34,"s:202:2:202:Infinity":88,"s:202:20:202:Infinity":89,"s:203:2:203:Infinity":90,"s:203:43:203:Infinity":91,"b:204:2:204:Infinity:undefined:undefined:undefined:undefined":35,"s:204:2:204:Infinity":92,"s:204:20:204:Infinity":93,"f:207:9:207:19":6,"s:208:18:208:Infinity":94,"b:209:2:213:Infinity:undefined:undefined:undefined:undefined":36,"s:209:2:213:Infinity":95,"s:210:4:210:Infinity":96,"s:211:4:211:Infinity":97,"s:212:4:212:Infinity":98,"b:215:2:219:Infinity:undefined:undefined:undefined:undefined":37,"s:215:2:219:Infinity":99,"s:216:4:216:Infinity":100,"s:217:4:217:Infinity":101,"s:217:45:217:Infinity":102,"s:218:4:218:Infinity":103,"s:221:2:221:Infinity":104,"b:221:30:221:46:221:49:221:90":38,"s:222:20:222:Infinity":105,"s:223:2:223:Infinity":106,"s:224:24:224:Infinity":107,"s:225:2:225:Infinity":108,"s:226:2:226:Infinity":109,"s:226:43:226:Infinity":110,"s:227:2:227:Infinity":111,"f:230:9:230:19":7,"s:231:15:231:Infinity":112,"b:232:2:232:Infinity:undefined:undefined:undefined:undefined":39,"s:232:2:232:Infinity":113,"s:232:18:232:Infinity":114,"b:234:2:239:Infinity:undefined:undefined:undefined:undefined":40,"s:234:2:239:Infinity":115,"s:235:4:235:Infinity":116,"s:236:4:236:Infinity":117,"s:237:4:237:Infinity":118,"s:238:4:238:Infinity":119,"b:241:2:245:Infinity:undefined:undefined:undefined:undefined":41,"s:241:2:245:Infinity":120,"s:242:4:242:Infinity":121,"b:242:49:242:63:242:66:242:72":42,"s:243:4:243:Infinity":122,"b:244:4:244:Infinity:undefined:undefined:undefined:undefined":43,"s:244:4:244:Infinity":123,"s:244:34:244:Infinity":124,"b:247:2:250:Infinity:undefined:undefined:undefined:undefined":44,"s:247:2:250:Infinity":125,"b:247:6:247:35:247:39:247:60:247:64:247:86":45,"s:248:4:248:Infinity":126,"s:249:4:249:Infinity":127,"b:252:2:255:Infinity:undefined:undefined:undefined:undefined":46,"s:252:2:255:Infinity":128,"s:253:4:253:Infinity":129,"s:254:4:254:Infinity":130,"b:257:2:261:Infinity:undefined:undefined:undefined:undefined":47,"s:257:2:261:Infinity":131,"b:257:6:257:30:257:34:257:70":48,"s:258:4:258:Infinity":132,"s:259:4:259:Infinity":133,"s:260:4:260:Infinity":134,"b:263:2:269:Infinity:undefined:undefined:undefined:undefined":49,"s:263:2:269:Infinity":135,"b:263:6:263:29:263:34:263:54:263:58:263:76":50,"s:264:4:264:Infinity":136,"b:265:4:268:Infinity:undefined:undefined:undefined:undefined":51,"s:265:4:268:Infinity":137,"s:266:6:266:Infinity":138,"s:267:6:267:Infinity":139,"b:271:2:277:Infinity:undefined:undefined:undefined:undefined":52,"s:271:2:277:Infinity":140,"b:271:6:271:29:271:33:271:58":53,"s:272:4:272:Infinity":141,"s:273:4:273:Infinity":142,"s:274:4:274:Infinity":143,"s:275:4:275:Infinity":144,"s:276:4:276:Infinity":145,"b:279:2:285:Infinity:undefined:undefined:undefined:undefined":54,"s:279:2:285:Infinity":146,"b:279:6:279:31:279:35:279:72":55,"s:280:4:280:Infinity":147,"s:281:4:281:Infinity":148,"s:282:4:282:Infinity":149,"s:283:4:283:Infinity":150,"s:284:4:284:Infinity":151,"b:287:2:293:Infinity:undefined:undefined:undefined:undefined":56,"s:287:2:293:Infinity":152,"b:287:6:287:31:287:35:287:70":57,"s:288:4:288:Infinity":153,"s:289:4:289:Infinity":154,"s:290:4:290:Infinity":155,"s:291:4:291:Infinity":156,"s:292:4:292:Infinity":157,"b:295:2:299:Infinity:undefined:undefined:undefined:undefined":58,"s:295:2:299:Infinity":158,"b:295:6:295:37:295:41:295:63:295:68:295:89:295:93:295:118":59,"s:296:4:296:Infinity":159,"b:296:36:296:65:296:68:296:77":60,"s:297:4:297:Infinity":160,"s:298:4:298:Infinity":161,"b:301:2:305:Infinity:undefined:undefined:undefined:undefined":61,"s:301:2:305:Infinity":162,"s:302:4:302:Infinity":163,"s:303:4:303:Infinity":164,"s:304:4:304:Infinity":165,"s:307:19:307:Infinity":166,"b:308:2:313:Infinity:undefined:undefined:undefined:undefined":62,"s:308:2:313:Infinity":167,"b:308:6:308:14:308:19:308:48:308:52:308:79":63,"s:309:26:309:Infinity":168,"s:310:4:310:Infinity":169,"b:310:95:310:96:310:99:310:100":64,"s:311:4:311:Infinity":170,"s:312:4:312:Infinity":171,"f:316:9:316:18":8,"s:317:15:317:Infinity":172,"b:317:15:317:39:317:43:317:Infinity":65,"b:318:2:325:Infinity:undefined:undefined:undefined:undefined":66,"s:318:2:325:Infinity":173,"s:319:17:319:Infinity":174,"b:319:17:319:52:319:56:319:Infinity":67,"b:320:4:324:Infinity:undefined:undefined:undefined:undefined":68,"s:320:4:324:Infinity":175,"s:321:6:321:Infinity":176,"s:322:6:322:Infinity":177,"s:323:6:323:Infinity":178,"b:326:2:329:Infinity:undefined:undefined:undefined:undefined":69,"s:326:2:329:Infinity":179,"s:327:4:327:Infinity":180,"s:328:4:328:Infinity":181,"f:332:9:332:21":9,"s:333:2:333:Infinity":182,"s:334:2:334:Infinity":183,"s:335:2:335:Infinity":184,"f:338:9:338:20":10,"b:339:2:341:Infinity:undefined:undefined:undefined:undefined":70,"s:339:2:341:Infinity":185,"f:339:31:339:36":11,"s:339:40:339:71":186,"s:340:4:340:Infinity":187,"f:344:9:344:21":12,"b:345:2:347:Infinity:undefined:undefined:undefined:undefined":71,"s:345:2:347:Infinity":188,"f:345:31:345:36":13,"s:345:40:345:71":189,"s:346:4:346:Infinity":190,"f:350:9:350:21":14,"b:351:2:351:Infinity:undefined:undefined:undefined:undefined":72,"s:351:2:351:Infinity":191,"s:351:18:351:Infinity":192,"b:352:2:352:Infinity:undefined:undefined:undefined:undefined":73,"s:352:2:352:Infinity":193,"s:352:19:352:Infinity":194,"b:353:2:353:Infinity:undefined:undefined:undefined:undefined":74,"s:353:2:353:Infinity":195,"s:353:19:353:Infinity":196,"s:354:2:354:Infinity":197,"f:357:9:357:17":15,"b:358:2:360:Infinity:undefined:undefined:undefined:undefined":75,"s:358:2:360:Infinity":198,"b:358:6:358:39:358:43:358:66":76,"s:359:4:359:Infinity":199,"s:361:2:361:Infinity":200,"b:361:9:361:68:361:72:361:Infinity":77,"f:364:9:364:18":16,"s:365:2:365:Infinity":201,"b:365:9:365:71:365:75:365:Infinity":78,"f:368:9:368:23":17,"s:369:13:369:Infinity":202,"s:370:20:370:Infinity":203,"b:371:2:386:Infinity:374:9:386:Infinity":79,"s:371:2:386:Infinity":204,"s:372:4:372:Infinity":205,"s:373:4:373:Infinity":206,"b:374:9:386:Infinity:377:9:386:Infinity":80,"s:374:9:386:Infinity":207,"s:375:4:375:Infinity":208,"s:376:4:376:Infinity":209,"b:377:9:386:Infinity:380:9:386:Infinity":81,"s:377:9:386:Infinity":210,"b:377:13:377:42:377:46:377:75":82,"s:378:4:378:Infinity":211,"s:379:4:379:Infinity":212,"b:380:9:386:Infinity:383:9:386:Infinity":83,"s:380:9:386:Infinity":213,"s:381:4:381:Infinity":214,"s:382:4:382:Infinity":215,"b:383:9:386:Infinity:undefined:undefined:undefined:undefined":84,"s:383:9:386:Infinity":216,"s:384:4:384:Infinity":217,"s:385:4:385:Infinity":218,"s:387:2:391:Infinity":219,"f:394:9:394:16":18,"b:395:2:397:Infinity:undefined:undefined:undefined:undefined":85,"s:395:2:397:Infinity":220,"s:396:4:396:Infinity":221,"s:399:16:399:Infinity":222,"b:400:2:408:Infinity:402:9:408:Infinity":86,"s:400:2:408:Infinity":223,"b:400:6:400:31:400:35:400:68":87,"s:401:4:401:Infinity":224,"b:402:9:408:Infinity:404:9:408:Infinity":88,"s:402:9:408:Infinity":225,"b:402:13:402:39:402:43:402:65":89,"s:403:4:403:Infinity":226,"b:404:9:408:Infinity:406:9:408:Infinity":90,"s:404:9:408:Infinity":227,"s:405:4:405:Infinity":228,"s:407:4:407:Infinity":229,"b:410:2:414:Infinity:412:9:414:Infinity":91,"s:410:2:414:Infinity":230,"s:411:4:411:Infinity":231,"s:413:4:413:Infinity":232,"b:416:2:422:Infinity:418:9:422:Infinity":92,"s:416:2:422:Infinity":233,"s:417:4:417:Infinity":234,"b:418:9:422:Infinity:420:9:422:Infinity":93,"s:418:9:422:Infinity":235,"b:418:13:418:36:418:40:418:69:418:73:418:102":94,"s:419:4:419:Infinity":236,"b:420:9:422:Infinity:undefined:undefined:undefined:undefined":95,"s:420:9:422:Infinity":237,"s:421:4:421:Infinity":238,"b:424:2:426:Infinity:undefined:undefined:undefined:undefined":96,"s:424:2:426:Infinity":239,"s:425:4:425:Infinity":240,"b:428:2:430:Infinity:undefined:undefined:undefined:undefined":97,"s:428:2:430:Infinity":241,"s:429:4:429:Infinity":242,"s:432:2:432:Infinity":243,"f:435:9:435:24":19,"s:436:2:436:Infinity":244,"f:439:9:439:17":20,"s:440:13:440:Infinity":245,"b:440:13:440:47:440:51:440:Infinity":98,"b:441:2:441:Infinity:undefined:undefined:undefined:undefined":99,"s:441:2:441:Infinity":246,"s:441:11:441:Infinity":247,"b:442:2:442:Infinity:undefined:undefined:undefined:undefined":100,"s:442:2:442:Infinity":248,"s:442:32:442:Infinity":249,"b:443:2:450:Infinity:undefined:undefined:undefined:undefined":101,"s:443:2:450:Infinity":250,"s:444:21:444:Infinity":251,"s:445:19:445:Infinity":252,"s:446:4:449:Infinity":253,"b:447:12:447:26:447:30:447:34":102,"b:448:14:448:26:448:30:448:34":103,"s:451:2:451:Infinity":254,"f:454:9:454:25":21,"s:455:15:455:Infinity":255,"b:456:2:456:Infinity:undefined:undefined:undefined:undefined":104,"s:456:2:456:Infinity":256,"s:456:13:456:Infinity":257,"s:457:2:461:Infinity":258,"b:458:4:460:Infinity:undefined:undefined:undefined:undefined":105,"s:458:4:460:Infinity":259,"b:458:8:458:39:458:43:458:68:458:72:458:109":106,"s:459:6:459:Infinity":260,"s:462:2:462:Infinity":261,"f:465:9:465:20":22,"s:466:2:472:Infinity":262,"b:466:9:466:33:467:4:467:25:468:4:468:28:469:4:469:27:470:4:470:30:471:4:471:26:472:4:472:Infinity":107,"f:475:9:475:20":23,"s:476:15:476:Infinity":263,"s:477:2:478:Infinity":264,"b:477:9:477:65:478:4:478:Infinity":108,"f:481:9:481:24":24,"b:482:2:487:Infinity:undefined:undefined:undefined:undefined":109,"s:482:2:487:Infinity":265,"s:487:25:487:Infinity":266,"s:488:15:488:Infinity":267,"b:488:15:488:45:488:49:488:Infinity":110,"s:489:2:489:Infinity":268,"b:489:79:489:88:489:91:489:Infinity":111,"b:489:9:489:36:489:40:489:76":112,"f:492:9:492:30":25,"b:493:2:493:Infinity:undefined:undefined:undefined:undefined":113,"s:493:2:493:Infinity":269,"s:493:13:493:Infinity":270,"b:494:2:494:Infinity:undefined:undefined:undefined:undefined":114,"s:494:2:494:Infinity":271,"s:494:33:494:Infinity":272,"s:495:2:498:Infinity":273,"s:496:18:496:Infinity":274,"b:497:4:497:Infinity:undefined:undefined:undefined:undefined":115,"s:497:4:497:Infinity":275,"s:497:15:497:Infinity":276,"s:499:2:499:Infinity":277,"f:502:9:502:22":26,"s:503:19:503:Infinity":278,"s:504:2:506:Infinity":279,"s:504:15:504:16":280,"s:505:4:505:Infinity":281,"s:507:2:507:Infinity":282}}}
}
